<?xml version="1.0" encoding="UTF-8"?>
<testsuite name="com.nr.instrumentation.redisson.RedissonTestClient" tests="3" skipped="0" failures="0" errors="0" timestamp="2021-06-16T12:19:48" hostname="C02CL1QNMD6M" time="0.12">
  <properties/>
  <testcase name="queueTest" classname="com.nr.instrumentation.redisson.RedissonTestClient" time="0.094"/>
  <testcase name="dequeReactiveTest" classname="com.nr.instrumentation.redisson.RedissonTestClient" time="0.017"/>
  <testcase name="bucketTest" classname="com.nr.instrumentation.redisson.RedissonTestClient" time="0.009"/>
  <system-out><![CDATA[2021-06-16T07:19:47,646-0500 [73749 11] com.newrelic INFO: Using default collector host: collector.newrelic.com
2021-06-16T07:19:47,811-0500 [73749 11] com.newrelic INFO: Using default collector host: collector.newrelic.com
2021-06-16T07:19:47,820-0500 [73749 11] com.newrelic INFO: Using default collector host: collector.newrelic.com
2021-06-16T07:19:48,631-0500 [73749 11] com.newrelic INFO: Using default collector host: collector.newrelic.com
2021-06-16T07:19:48,636-0500 [73749 11] com.newrelic INFO: Using default collector host: collector.newrelic.com
2021-06-16T07:19:48,637-0500 [73749 11] com.newrelic INFO: Using default collector host: collector.newrelic.com
Reactive publisher is NettyFuturePublisher
Call to onSubscribe
There are 1 transactions
Result of getAndSet is 4948
Result of trySet is false
Result of size is 5
Result of isNewSet is false
]]></system-out>
  <system-err><![CDATA[SLF4J: Failed to load class "org.slf4j.impl.StaticLoggerBinder".
SLF4J: Defaulting to no-operation (NOP) logger implementation
SLF4J: See http://www.slf4j.org/codes.html#StaticLoggerBinder for further details.
]]></system-err>
</testsuite>
